<?xml version="1.0" encoding="UTF-8"?>
<!-- Generated by org.testng.reporters.JUnitXMLReporter -->
<testsuite ignored="0" hostname="Maddy_Janani" failures="0" tests="3" name="chrometest" time="18.36" errors="0" timestamp="2023-10-20T15:12:14 EDT">
  <testcase classname="testCases.TC_003_LoginDDT" name="test_LoginDDT" time="2.356"/>
  <testcase classname="testCases.TC_003_LoginDDT" name="test_LoginDDT" time="1.56"/>
  <testcase classname="testCases.TC_003_LoginDDT" name="test_LoginDDT" time="10.577"/>
</testsuite> <!-- chrometest -->
