<?xml version="1.0" encoding="UTF-8"?>
<testng-results ignored="0" total="3" passed="3" failed="0" skipped="0">
  <reporter-output>
  </reporter-output>
  <suite started-at="2023-10-20T15:11:55 EDT" name="OpenCartSuite" finished-at="2023-10-20T15:12:14 EDT" duration-ms="18360">
    <groups>
    </groups>
    <test started-at="2023-10-20T15:11:55 EDT" name="chrometest" finished-at="2023-10-20T15:12:14 EDT" duration-ms="18360">
      <class name="testCases.TC_003_LoginDDT">
        <test-method is-config="true" signature="setup(java.lang.String)[pri:0, instance:testCases.TC_003_LoginDDT@6adbc9d]" started-at="2023-10-20T15:11:56 EDT" name="setup" finished-at="2023-10-20T15:11:58 EDT" duration-ms="2647" status="PASS">
          <params>
            <param index="0">
              <value>
                <![CDATA[chrome]]>
              </value>
            </param>
          </params>
          <reporter-output>
          </reporter-output>
        </test-method> <!-- setup -->
        <test-method signature="test_LoginDDT(java.lang.String,java.lang.String,java.lang.String)[pri:0, instance:testCases.TC_003_LoginDDT@6adbc9d]" started-at="2023-10-20T15:11:59 EDT" name="test_LoginDDT" data-provider="LoginData" finished-at="2023-10-20T15:12:01 EDT" duration-ms="2356" status="PASS">
          <params>
            <param index="0">
              <value>
                <![CDATA[goldg@gmail.com]]>
              </value>
            </param>
            <param index="1">
              <value>
                <![CDATA[goldg]]>
              </value>
            </param>
            <param index="2">
              <value>
                <![CDATA[valid]]>
              </value>
            </param>
          </params>
          <reporter-output>
          </reporter-output>
        </test-method> <!-- test_LoginDDT -->
        <test-method signature="test_LoginDDT(java.lang.String,java.lang.String,java.lang.String)[pri:0, instance:testCases.TC_003_LoginDDT@6adbc9d]" started-at="2023-10-20T15:12:02 EDT" name="test_LoginDDT" data-provider="LoginData" finished-at="2023-10-20T15:12:03 EDT" duration-ms="1560" status="PASS">
          <params>
            <param index="0">
              <value>
                <![CDATA[planning@gmail.com]]>
              </value>
            </param>
            <param index="1">
              <value>
                <![CDATA[planning]]>
              </value>
            </param>
            <param index="2">
              <value>
                <![CDATA[valid]]>
              </value>
            </param>
          </params>
          <reporter-output>
          </reporter-output>
        </test-method> <!-- test_LoginDDT -->
        <test-method signature="test_LoginDDT(java.lang.String,java.lang.String,java.lang.String)[pri:0, instance:testCases.TC_003_LoginDDT@6adbc9d]" started-at="2023-10-20T15:12:03 EDT" name="test_LoginDDT" data-provider="LoginData" finished-at="2023-10-20T15:12:14 EDT" duration-ms="10577" status="PASS">
          <params>
            <param index="0">
              <value>
                <![CDATA[hiru1@gmail.com]]>
              </value>
            </param>
            <param index="1">
              <value>
                <![CDATA[98765]]>
              </value>
            </param>
            <param index="2">
              <value>
                <![CDATA[invalid]]>
              </value>
            </param>
          </params>
          <reporter-output>
          </reporter-output>
        </test-method> <!-- test_LoginDDT -->
        <test-method is-config="true" signature="teardown()[pri:0, instance:testCases.TC_003_LoginDDT@6adbc9d]" started-at="2023-10-20T15:12:14 EDT" name="teardown" finished-at="2023-10-20T15:12:14 EDT" duration-ms="55" status="PASS">
          <reporter-output>
          </reporter-output>
        </test-method> <!-- teardown -->
      </class> <!-- testCases.TC_003_LoginDDT -->
    </test> <!-- chrometest -->
  </suite> <!-- OpenCartSuite -->
</testng-results>
